{
  "stats": {
    "suites": 12,
    "tests": 41,
    "passes": 23,
    "pending": 0,
    "failures": 18,
    "start": "2022-02-15T21:58:37.336Z",
    "end": "2022-02-15T22:00:31.951Z",
    "duration": 114615,
    "testsRegistered": 41,
    "passPercent": 56.09756097560976,
    "pendingPercent": 0,
    "other": 0,
    "hasOther": false,
    "skipped": 0,
    "hasSkipped": false
  },
  "results": [
    {
      "uuid": "e9dabcc4-e50a-4215-8a86-2f78e55480c2",
      "title": "",
      "fullFile": "cypress/integration/project.spec.js",
      "file": "cypress/integration/project.spec.js",
      "beforeHooks": [],
      "afterHooks": [],
      "tests": [],
      "suites": [
        {
          "uuid": "c17645ce-2f66-4b13-843b-a2ca1398e66e",
          "title": "1 - Adicione à página o título \"Paleta de Cores\".",
          "fullFile": "",
          "file": "",
          "beforeHooks": [],
          "afterHooks": [],
          "tests": [
            {
              "title": "Verifica se contém um elemento `h1` com o id `title` com o título correto",
              "fullTitle": "1 - Adicione à página o título \"Paleta de Cores\". Verifica se contém um elemento `h1` com o id `title` com o título correto",
              "timedOut": null,
              "duration": 395,
              "state": "passed",
              "speed": "slow",
              "pass": true,
              "fail": false,
              "pending": false,
              "context": null,
              "code": "cy.get('h1#title').should('contain.text', 'Paleta de Cores');",
              "err": {},
              "uuid": "12cef26c-50e9-4756-a28e-2aad260ed8bd",
              "parentUUID": "c17645ce-2f66-4b13-843b-a2ca1398e66e",
              "isHook": false,
              "skipped": false
            }
          ],
          "suites": [],
          "passes": [
            "12cef26c-50e9-4756-a28e-2aad260ed8bd"
          ],
          "failures": [],
          "pending": [],
          "skipped": [],
          "duration": 395,
          "root": false,
          "rootEmpty": false,
          "_timeout": 2000
        },
        {
          "uuid": "bb2e0bff-cba6-4ea8-8675-fb97f92cb035",
          "title": "2 - Adicione à página uma paleta de quatro cores distintas.",
          "fullFile": "",
          "file": "",
          "beforeHooks": [],
          "afterHooks": [],
          "tests": [
            {
              "title": "A paleta de cores deve ser um elemento com `id` denominado `color-palette` e ter mais de 0px de altura e de largura.",
              "fullTitle": "2 - Adicione à página uma paleta de quatro cores distintas. A paleta de cores deve ser um elemento com `id` denominado `color-palette` e ter mais de 0px de altura e de largura.",
              "timedOut": null,
              "duration": 238,
              "state": "passed",
              "speed": "slow",
              "pass": true,
              "fail": false,
              "pending": false,
              "context": null,
              "code": "cy.get('#color-palette').should('be.visible');\ncy.get('#color-palette').children('.color');",
              "err": {},
              "uuid": "74ce768e-c072-4fee-bb2d-09ec77807ff5",
              "parentUUID": "bb2e0bff-cba6-4ea8-8675-fb97f92cb035",
              "isHook": false,
              "skipped": false
            },
            {
              "title": "Verifica se cada cor individual da paleta de cores possui a `classe` chamada `color`.",
              "fullTitle": "2 - Adicione à página uma paleta de quatro cores distintas. Verifica se cada cor individual da paleta de cores possui a `classe` chamada `color`.",
              "timedOut": null,
              "duration": 358,
              "state": "passed",
              "speed": "slow",
              "pass": true,
              "fail": false,
              "pending": false,
              "context": null,
              "code": "cy.get('.color').should('have.length', 4).then(function (colors) {\n  for (var i = 0; i < colors.length; i++) {\n    cy.wrap(colors[i]).should('be.visible');\n  }\n});",
              "err": {},
              "uuid": "3321864a-3bf7-4615-88e4-41faadc4e56f",
              "parentUUID": "bb2e0bff-cba6-4ea8-8675-fb97f92cb035",
              "isHook": false,
              "skipped": false
            },
            {
              "title": "Verifica se a cor de fundo de cada elemento da paleta é a cor que o elemento representa. **A única cor não permitida na paleta é a cor branca.**",
              "fullTitle": "2 - Adicione à página uma paleta de quatro cores distintas. Verifica se a cor de fundo de cada elemento da paleta é a cor que o elemento representa. **A única cor não permitida na paleta é a cor branca.**",
              "timedOut": null,
              "duration": 414,
              "state": "passed",
              "speed": "slow",
              "pass": true,
              "fail": false,
              "pending": false,
              "context": null,
              "code": "cy.get('.color').each(function (color) {\n  cy.wrap(color).should('have.class', 'color').and('not.have.css', 'background-color', WHITE);\n  cy.wrap(color).should('have.css', 'background-color');\n});",
              "err": {},
              "uuid": "e2ff30fe-7559-4c0b-ad02-57c07d07b949",
              "parentUUID": "bb2e0bff-cba6-4ea8-8675-fb97f92cb035",
              "isHook": false,
              "skipped": false
            },
            {
              "title": "Verifica se cada elemento da paleta de cores tem uma borda preta, sólida e com 1 pixel de largura;",
              "fullTitle": "2 - Adicione à página uma paleta de quatro cores distintas. Verifica se cada elemento da paleta de cores tem uma borda preta, sólida e com 1 pixel de largura;",
              "timedOut": null,
              "duration": 281,
              "state": "passed",
              "speed": "slow",
              "pass": true,
              "fail": false,
              "pending": false,
              "context": null,
              "code": "cy.get('.color').each(function (color) {\n  cy.wrap(color).and('have.css', 'border', \"1px solid \".concat(BLACK)).and('have.class', 'color');\n});",
              "err": {},
              "uuid": "c7a64397-78e8-4e9c-82f8-9358b63db178",
              "parentUUID": "bb2e0bff-cba6-4ea8-8675-fb97f92cb035",
              "isHook": false,
              "skipped": false
            },
            {
              "title": "Verifica se a paleta lista todas as cores disponíveis para utilização, lado a lado.",
              "fullTitle": "2 - Adicione à página uma paleta de quatro cores distintas. Verifica se a paleta lista todas as cores disponíveis para utilização, lado a lado.",
              "timedOut": null,
              "duration": 163,
              "state": "passed",
              "speed": "slow",
              "pass": true,
              "fail": false,
              "pending": false,
              "context": null,
              "code": "cy.get('.color').then(function (colors) {\n  for (var index = 1; index < colors.length; index += 1) {\n    var currentColor = colors[index];\n    var previousColor = colors[index - 1];\n    cy.wrap(currentColor).should('be.onTheRightOf', previousColor).and('be.horizontallyAlignedWith', previousColor);\n  }\n});",
              "err": {},
              "uuid": "8ad85723-74c3-408d-acb7-5e4822d52d82",
              "parentUUID": "bb2e0bff-cba6-4ea8-8675-fb97f92cb035",
              "isHook": false,
              "skipped": false
            },
            {
              "title": "Verifica se a paleta de cores está posicionada abaixo do título 'Paleta de Cores'",
              "fullTitle": "2 - Adicione à página uma paleta de quatro cores distintas. Verifica se a paleta de cores está posicionada abaixo do título 'Paleta de Cores'",
              "timedOut": null,
              "duration": 248,
              "state": "passed",
              "speed": "slow",
              "pass": true,
              "fail": false,
              "pending": false,
              "context": null,
              "code": "cy.get('h1#title').then(function (title) {\n  cy.get('#color-palette').should('be.belowOf', title);\n});",
              "err": {},
              "uuid": "e38f9137-6d8e-4f6e-8ae5-c708b682caff",
              "parentUUID": "bb2e0bff-cba6-4ea8-8675-fb97f92cb035",
              "isHook": false,
              "skipped": false
            },
            {
              "title": "Verifica se a paleta de cores não contém cores repetidas.",
              "fullTitle": "2 - Adicione à página uma paleta de quatro cores distintas. Verifica se a paleta de cores não contém cores repetidas.",
              "timedOut": null,
              "duration": 112,
              "state": "passed",
              "speed": "slow",
              "pass": true,
              "fail": false,
              "pending": false,
              "context": null,
              "code": "cy.get('.color').then(function (colors) {\n  var allColors = Array.from(colors).map(function (color) {\n    return Cypress.$(color).css('background-color');\n  });\n  cy.log(allColors);\n  var uniqColors = (0, _toConsumableArray2[\"default\"])(new Set(allColors));\n  cy.log(uniqColors);\n  expect(allColors.length).to.eq(uniqColors.length);\n});",
              "err": {},
              "uuid": "7a965bd1-ef5c-4541-a771-11a93346d1c1",
              "parentUUID": "bb2e0bff-cba6-4ea8-8675-fb97f92cb035",
              "isHook": false,
              "skipped": false
            }
          ],
          "suites": [],
          "passes": [
            "74ce768e-c072-4fee-bb2d-09ec77807ff5",
            "3321864a-3bf7-4615-88e4-41faadc4e56f",
            "e2ff30fe-7559-4c0b-ad02-57c07d07b949",
            "c7a64397-78e8-4e9c-82f8-9358b63db178",
            "8ad85723-74c3-408d-acb7-5e4822d52d82",
            "e38f9137-6d8e-4f6e-8ae5-c708b682caff",
            "7a965bd1-ef5c-4541-a771-11a93346d1c1"
          ],
          "failures": [],
          "pending": [],
          "skipped": [],
          "duration": 1814,
          "root": false,
          "rootEmpty": false,
          "_timeout": 2000
        },
        {
          "uuid": "6db0de71-0550-43a5-8574-10f456564dd6",
          "title": "3 - Adicione a cor **preta** como a primeira cor da paleta de cores.",
          "fullFile": "",
          "file": "",
          "beforeHooks": [],
          "afterHooks": [],
          "tests": [
            {
              "title": "Verifica se a primeira cor da paleta é preta",
              "fullTitle": "3 - Adicione a cor **preta** como a primeira cor da paleta de cores. Verifica se a primeira cor da paleta é preta",
              "timedOut": null,
              "duration": 162,
              "state": "passed",
              "speed": "slow",
              "pass": true,
              "fail": false,
              "pending": false,
              "context": null,
              "code": "cy.get('.color').first().should('have.css', 'background-color', BLACK);",
              "err": {},
              "uuid": "297cfb3d-df70-493b-a991-7d1484abfaf4",
              "parentUUID": "6db0de71-0550-43a5-8574-10f456564dd6",
              "isHook": false,
              "skipped": false
            },
            {
              "title": "Verifica se as demais cores podem ser escolhidas livremente.",
              "fullTitle": "3 - Adicione a cor **preta** como a primeira cor da paleta de cores. Verifica se as demais cores podem ser escolhidas livremente.",
              "timedOut": null,
              "duration": 320,
              "state": "passed",
              "speed": "slow",
              "pass": true,
              "fail": false,
              "pending": false,
              "context": null,
              "code": "cy.get('.color').eq(1).should('not.have.css', 'background-color', BLACK);\ncy.get('.color').eq(1).should('not.have.css', 'background-color', WHITE);\ncy.get('.color').eq(1).should('not.have.css', 'background-color', 'rgba(0, 0, 0, 0)');\ncy.get('.color').eq(1).should('have.css', 'background-color');\ncy.get('.color').eq(2).should('not.have.css', 'background-color', BLACK);\ncy.get('.color').eq(2).should('not.have.css', 'background-color', WHITE);\ncy.get('.color').eq(2).should('not.have.css', 'background-color', 'rgba(0, 0, 0, 0)');\ncy.get('.color').eq(2).should('have.css', 'background-color');\ncy.get('.color').eq(3).should('not.have.css', 'background-color', BLACK);\ncy.get('.color').eq(3).should('not.have.css', 'background-color', WHITE);\ncy.get('.color').eq(3).should('not.have.css', 'background-color', 'rgba(0, 0, 0, 0)');\ncy.get('.color').eq(3).should('have.css', 'background-color');",
              "err": {},
              "uuid": "40861d1d-01d8-4cef-b68c-055aac227298",
              "parentUUID": "6db0de71-0550-43a5-8574-10f456564dd6",
              "isHook": false,
              "skipped": false
            }
          ],
          "suites": [],
          "passes": [
            "297cfb3d-df70-493b-a991-7d1484abfaf4",
            "40861d1d-01d8-4cef-b68c-055aac227298"
          ],
          "failures": [],
          "pending": [],
          "skipped": [],
          "duration": 482,
          "root": false,
          "rootEmpty": false,
          "_timeout": 2000
        },
        {
          "uuid": "ae3e6127-1820-4847-a568-3f77ccfefa0c",
          "title": "4 - Adicione à página um quadro de pixels, com 25 pixels.",
          "fullFile": "",
          "file": "",
          "beforeHooks": [],
          "afterHooks": [],
          "tests": [
            {
              "title": "Verifica se o quadro de pixels possui o `id` denominado `pixel-board`",
              "fullTitle": "4 - Adicione à página um quadro de pixels, com 25 pixels. Verifica se o quadro de pixels possui o `id` denominado `pixel-board`",
              "timedOut": null,
              "duration": 227,
              "state": "passed",
              "speed": "slow",
              "pass": true,
              "fail": false,
              "pending": false,
              "context": null,
              "code": "cy.get('#pixel-board').should('be.visible');",
              "err": {},
              "uuid": "f444300b-75f5-4a3e-83b7-bdc3ea5dd3e5",
              "parentUUID": "ae3e6127-1820-4847-a568-3f77ccfefa0c",
              "isHook": false,
              "skipped": false
            },
            {
              "title": "Verifica se cada pixel individual dentro do quadro possui a `classe` denominada `pixel`.",
              "fullTitle": "4 - Adicione à página um quadro de pixels, com 25 pixels. Verifica se cada pixel individual dentro do quadro possui a `classe` denominada `pixel`.",
              "timedOut": null,
              "duration": 192,
              "state": "passed",
              "speed": "slow",
              "pass": true,
              "fail": false,
              "pending": false,
              "context": null,
              "code": "cy.get('.pixel').should('have.length', 25);",
              "err": {},
              "uuid": "dfde4327-5ee0-4282-a816-dd4111760912",
              "parentUUID": "ae3e6127-1820-4847-a568-3f77ccfefa0c",
              "isHook": false,
              "skipped": false
            },
            {
              "title": "Verifica se a cor inicial dos pixels dentro do quadro, ao abrir a página, é branca.",
              "fullTitle": "4 - Adicione à página um quadro de pixels, com 25 pixels. Verifica se a cor inicial dos pixels dentro do quadro, ao abrir a página, é branca.",
              "timedOut": null,
              "duration": 220,
              "state": "passed",
              "speed": "slow",
              "pass": true,
              "fail": false,
              "pending": false,
              "context": null,
              "code": "cy.get('.pixel').should('have.length', 25).each(function (pixel) {\n  expect(pixel).to.have.css('background-color', WHITE);\n});",
              "err": {},
              "uuid": "d49c69a3-a09f-4435-adc1-a77c418c7e3e",
              "parentUUID": "ae3e6127-1820-4847-a568-3f77ccfefa0c",
              "isHook": false,
              "skipped": false
            },
            {
              "title": "Verifica se o quadro de pixels aparece abaixo da paleta de cores",
              "fullTitle": "4 - Adicione à página um quadro de pixels, com 25 pixels. Verifica se o quadro de pixels aparece abaixo da paleta de cores",
              "timedOut": null,
              "duration": 227,
              "state": "passed",
              "speed": "slow",
              "pass": true,
              "fail": false,
              "pending": false,
              "context": null,
              "code": "cy.get('#color-palette').then(function (palette) {\n  cy.get('#pixel-board').should('be.belowOf', palette);\n});",
              "err": {},
              "uuid": "6a5637b3-e10f-4c39-a664-125810328ea4",
              "parentUUID": "ae3e6127-1820-4847-a568-3f77ccfefa0c",
              "isHook": false,
              "skipped": false
            }
          ],
          "suites": [],
          "passes": [
            "f444300b-75f5-4a3e-83b7-bdc3ea5dd3e5",
            "dfde4327-5ee0-4282-a816-dd4111760912",
            "d49c69a3-a09f-4435-adc1-a77c418c7e3e",
            "6a5637b3-e10f-4c39-a664-125810328ea4"
          ],
          "failures": [],
          "pending": [],
          "skipped": [],
          "duration": 866,
          "root": false,
          "rootEmpty": false,
          "_timeout": 2000
        },
        {
          "uuid": "87b3347a-77e8-4f3f-b21a-44a3269154ba",
          "title": "5 - Faça com que cada elemento do quadro de pixels possua 40 pixels de largura, 40 pixels de altura e seja delimitado por uma borda preta de 1 pixel.",
          "fullFile": "",
          "file": "",
          "beforeHooks": [],
          "afterHooks": [],
          "tests": [
            {
              "title": "Verifica se o quadro de pixels tem altura e comprimento de 5 elementos",
              "fullTitle": "5 - Faça com que cada elemento do quadro de pixels possua 40 pixels de largura, 40 pixels de altura e seja delimitado por uma borda preta de 1 pixel. Verifica se o quadro de pixels tem altura e comprimento de 5 elementos",
              "timedOut": null,
              "duration": 492,
              "state": "passed",
              "speed": "slow",
              "pass": true,
              "fail": false,
              "pending": false,
              "context": null,
              "code": "cy.get('.pixel').should('have.length', 25).each(function (pixel) {\n  expect(pixel).to.have.css('background-color', WHITE);\n}).and(function (pixels) {\n  var rows = chunk(pixels, 5);\n  rows.forEach(function (row) {\n    for (var index = 1; index < row.length; index += 1) {\n      var current = pixels[index];\n      var previous = pixels[index - 1];\n      cy.wrap(current).should('be.onTheRightOf', previous).and('be.horizontallyAlignedWith', previous);\n    }\n  });\n  for (var index = 1; index < 5; index += 1) {\n    expect(pixels[index * 5]).to.be.belowOf(pixels[(index - 1) * 5]);\n  }\n});",
              "err": {},
              "uuid": "743a9402-67f5-4a4f-94a3-387f2a9a26bb",
              "parentUUID": "87b3347a-77e8-4f3f-b21a-44a3269154ba",
              "isHook": false,
              "skipped": false
            },
            {
              "title": "Verifica se 40 pixels é o tamanho total do elemento, incluindo seu conteúdo e excluindo a borda preta, que deve ser criada à parte.",
              "fullTitle": "5 - Faça com que cada elemento do quadro de pixels possua 40 pixels de largura, 40 pixels de altura e seja delimitado por uma borda preta de 1 pixel. Verifica se 40 pixels é o tamanho total do elemento, incluindo seu conteúdo e excluindo a borda preta, que deve ser criada à parte.",
              "timedOut": null,
              "duration": 493,
              "state": "passed",
              "speed": "slow",
              "pass": true,
              "fail": false,
              "pending": false,
              "context": null,
              "code": "cy.get('.pixel').each(function (pixel) {\n  cy.wrap(pixel).should('have.css', 'height', '40px').and('have.css', 'width', '40px').and('have.css', 'border', \"1px solid \".concat(BLACK));\n});",
              "err": {},
              "uuid": "14d88eb1-72cc-4d2e-85a8-fca930ff143a",
              "parentUUID": "87b3347a-77e8-4f3f-b21a-44a3269154ba",
              "isHook": false,
              "skipped": false
            }
          ],
          "suites": [],
          "passes": [
            "743a9402-67f5-4a4f-94a3-387f2a9a26bb",
            "14d88eb1-72cc-4d2e-85a8-fca930ff143a"
          ],
          "failures": [],
          "pending": [],
          "skipped": [],
          "duration": 985,
          "root": false,
          "rootEmpty": false,
          "_timeout": 2000
        },
        {
          "uuid": "33777507-6b3b-4a6e-bf44-c34e7d12d35e",
          "title": "6 - Defina a cor preta como cor inicial. Ao carregar a página a cor preta já deve estar selecionada para pintar os pixels",
          "fullFile": "",
          "file": "",
          "beforeHooks": [],
          "afterHooks": [],
          "tests": [
            {
              "title": "Verifica se o elemento da cor preta possui, inicialmente, a `classe` `selected`",
              "fullTitle": "6 - Defina a cor preta como cor inicial. Ao carregar a página a cor preta já deve estar selecionada para pintar os pixels Verifica se o elemento da cor preta possui, inicialmente, a `classe` `selected`",
              "timedOut": null,
              "duration": 192,
              "state": "passed",
              "speed": "slow",
              "pass": true,
              "fail": false,
              "pending": false,
              "context": null,
              "code": "cy.get('.selected').first().should('have.css', 'background-color', BLACK);",
              "err": {},
              "uuid": "69308b03-2d73-4de2-9d9c-143df1ee3ef0",
              "parentUUID": "33777507-6b3b-4a6e-bf44-c34e7d12d35e",
              "isHook": false,
              "skipped": false
            },
            {
              "title": "Verifica se nenhuma outra cor da paleta tem a `classe` `selected`",
              "fullTitle": "6 - Defina a cor preta como cor inicial. Ao carregar a página a cor preta já deve estar selecionada para pintar os pixels Verifica se nenhuma outra cor da paleta tem a `classe` `selected`",
              "timedOut": null,
              "duration": 194,
              "state": "passed",
              "speed": "slow",
              "pass": true,
              "fail": false,
              "pending": false,
              "context": null,
              "code": "cy.get('.color:not(:first-child)').each(function (color) {\n  cy.wrap(color).should('not.have.class', 'selected');\n});",
              "err": {},
              "uuid": "4f4ca510-3b05-49c7-a29c-be15a814d56f",
              "parentUUID": "33777507-6b3b-4a6e-bf44-c34e7d12d35e",
              "isHook": false,
              "skipped": false
            }
          ],
          "suites": [],
          "passes": [
            "69308b03-2d73-4de2-9d9c-143df1ee3ef0",
            "4f4ca510-3b05-49c7-a29c-be15a814d56f"
          ],
          "failures": [],
          "pending": [],
          "skipped": [],
          "duration": 386,
          "root": false,
          "rootEmpty": false,
          "_timeout": 2000
        },
        {
          "uuid": "b4c413c9-3ca4-4888-abb5-27551b7135b0",
          "title": "7 - Clicar em uma das cores da paleta, faz com que ela seja selecionada e utilizada para preencher os pixels no quadro.",
          "fullFile": "",
          "file": "",
          "beforeHooks": [],
          "afterHooks": [],
          "tests": [
            {
              "title": "Verifica se somente uma cor da paleta de cores tem a classe `selected` de cada vez",
              "fullTitle": "7 - Clicar em uma das cores da paleta, faz com que ela seja selecionada e utilizada para preencher os pixels no quadro. Verifica se somente uma cor da paleta de cores tem a classe `selected` de cada vez",
              "timedOut": null,
              "duration": 529,
              "state": "passed",
              "speed": "slow",
              "pass": true,
              "fail": false,
              "pending": false,
              "context": null,
              "code": "cy.get('.color').each(function (selectedColor, selectedColorIndex) {\n  cy.wrap(selectedColor).click();\n  cy.get('.color').each(function (color, colorIndex) {\n    if (colorIndex === selectedColorIndex) {\n      expect(color).to.have[\"class\"]('selected');\n    } else {\n      expect(color).not.to.have[\"class\"]('selected');\n    }\n  });\n});",
              "err": {},
              "uuid": "5560fb8a-8d33-4c45-be60-43044e539396",
              "parentUUID": "b4c413c9-3ca4-4888-abb5-27551b7135b0",
              "isHook": false,
              "skipped": false
            },
            {
              "title": "Verifica se os pixels dentro do quadro não têm a classe `selected` quando são clicados",
              "fullTitle": "7 - Clicar em uma das cores da paleta, faz com que ela seja selecionada e utilizada para preencher os pixels no quadro. Verifica se os pixels dentro do quadro não têm a classe `selected` quando são clicados",
              "timedOut": null,
              "duration": 8752,
              "state": "passed",
              "speed": "slow",
              "pass": true,
              "fail": false,
              "pending": false,
              "context": null,
              "code": "cy.get('.color').each(function (color) {\n  var backgroundColor = color.css('background-color');\n  cy.wrap(color).click();\n  cy.get('.pixel').each(function (pixel) {\n    cy.wrap(pixel).click().should('not.have.class', 'selected');\n  });\n});",
              "err": {},
              "uuid": "5bc4ede9-1379-4a03-9c8b-4e1ff5e04318",
              "parentUUID": "b4c413c9-3ca4-4888-abb5-27551b7135b0",
              "isHook": false,
              "skipped": false
            }
          ],
          "suites": [],
          "passes": [
            "5560fb8a-8d33-4c45-be60-43044e539396",
            "5bc4ede9-1379-4a03-9c8b-4e1ff5e04318"
          ],
          "failures": [],
          "pending": [],
          "skipped": [],
          "duration": 9281,
          "root": false,
          "rootEmpty": false,
          "_timeout": 2000
        },
        {
          "uuid": "5696423c-c561-4ee4-95b9-deaa3f7fcdff",
          "title": "8 - Clicar em um pixel dentro do quadro após selecionar uma cor na paleta, faz com que o pixel seja preenchido com a cor selecionada.",
          "fullFile": "",
          "file": "",
          "beforeHooks": [],
          "afterHooks": [],
          "tests": [
            {
              "title": "Verifica se ao carregar a página deve ser possível pintar os pixels de preto",
              "fullTitle": "8 - Clicar em um pixel dentro do quadro após selecionar uma cor na paleta, faz com que o pixel seja preenchido com a cor selecionada. Verifica se ao carregar a página deve ser possível pintar os pixels de preto",
              "timedOut": null,
              "duration": 2312,
              "state": "passed",
              "speed": "slow",
              "pass": true,
              "fail": false,
              "pending": false,
              "context": null,
              "code": "cy.get('.pixel').each(function (pixel) {\n  cy.wrap(pixel).click().should('have.css', 'background-color', BLACK);\n});",
              "err": {},
              "uuid": "dc6a95e8-d45b-4799-ace7-4cd2b5aec322",
              "parentUUID": "5696423c-c561-4ee4-95b9-deaa3f7fcdff",
              "isHook": false,
              "skipped": false
            },
            {
              "title": "Verifica se após selecionar uma outra cor na paleta, é possível pintar os pixels com essa cor",
              "fullTitle": "8 - Clicar em um pixel dentro do quadro após selecionar uma cor na paleta, faz com que o pixel seja preenchido com a cor selecionada. Verifica se após selecionar uma outra cor na paleta, é possível pintar os pixels com essa cor",
              "timedOut": null,
              "duration": 10026,
              "state": "passed",
              "speed": "slow",
              "pass": true,
              "fail": false,
              "pending": false,
              "context": null,
              "code": "cy.get('.color').each(function (color) {\n  var backgroundColor = color.css('background-color');\n  cy.wrap(color).click();\n  cy.get('.pixel').each(function (pixel) {\n    cy.wrap(pixel).click().should('have.css', 'background-color', backgroundColor);\n  });\n});",
              "err": {},
              "uuid": "d8425f08-bce9-49cd-9d14-5a53b1de087c",
              "parentUUID": "5696423c-c561-4ee4-95b9-deaa3f7fcdff",
              "isHook": false,
              "skipped": false
            },
            {
              "title": "Verifica se somente o pixel que foi clicado foi preenchido com a cor selecionada, sem influenciar na cor dos demais pixels.",
              "fullTitle": "8 - Clicar em um pixel dentro do quadro após selecionar uma cor na paleta, faz com que o pixel seja preenchido com a cor selecionada. Verifica se somente o pixel que foi clicado foi preenchido com a cor selecionada, sem influenciar na cor dos demais pixels.",
              "timedOut": null,
              "duration": 1835,
              "state": "passed",
              "speed": "slow",
              "pass": true,
              "fail": false,
              "pending": false,
              "context": null,
              "code": "var colorToPixelIndexMap = {\n  0: 6,\n  1: 8,\n  2: 16,\n  3: 18\n};\ncy.get('.color').each(function (color, index) {\n  cy.wrap(color).click();\n  var backgroundColor = color.css('background-color');\n  var clickedPixelIndex = colorToPixelIndexMap[index];\n  cy.get('.pixel').eq(clickedPixelIndex).click();\n  cy.get('.pixel').eq(clickedPixelIndex - 1).should('not.have.css', 'background-color', backgroundColor);\n  cy.get('.pixel').eq(clickedPixelIndex + 1).should('not.have.css', 'background-color', backgroundColor);\n  cy.get('.pixel').eq(clickedPixelIndex - 5).should('not.have.css', 'background-color', backgroundColor);\n  cy.get('.pixel').eq(clickedPixelIndex + 5).should('not.have.css', 'background-color', backgroundColor);\n  cy.get('.pixel').eq(clickedPixelIndex - 6).should('not.have.css', 'background-color', backgroundColor);\n  cy.get('.pixel').eq(clickedPixelIndex - 4).should('not.have.css', 'background-color', backgroundColor);\n  cy.get('.pixel').eq(clickedPixelIndex + 4).should('not.have.css', 'background-color', backgroundColor);\n  cy.get('.pixel').eq(clickedPixelIndex + 6).should('not.have.css', 'background-color', backgroundColor);\n});",
              "err": {},
              "uuid": "32be94c2-5fe6-4b24-8c71-0755b51755e0",
              "parentUUID": "5696423c-c561-4ee4-95b9-deaa3f7fcdff",
              "isHook": false,
              "skipped": false
            }
          ],
          "suites": [],
          "passes": [
            "dc6a95e8-d45b-4799-ace7-4cd2b5aec322",
            "d8425f08-bce9-49cd-9d14-5a53b1de087c",
            "32be94c2-5fe6-4b24-8c71-0755b51755e0"
          ],
          "failures": [],
          "pending": [],
          "skipped": [],
          "duration": 14173,
          "root": false,
          "rootEmpty": false,
          "_timeout": 2000
        },
        {
          "uuid": "2e70bea1-1968-406f-b838-d04f743e0141",
          "title": "9 - Crie um botão que, ao ser clicado, limpa o quadro preenchendo a cor de todos seus pixels com branco.",
          "fullFile": "",
          "file": "",
          "beforeHooks": [],
          "afterHooks": [],
          "tests": [
            {
              "title": "Verifica se o botão tem o `id` denominado `clear-board`",
              "fullTitle": "9 - Crie um botão que, ao ser clicado, limpa o quadro preenchendo a cor de todos seus pixels com branco. Verifica se o botão tem o `id` denominado `clear-board`",
              "timedOut": null,
              "duration": 4629,
              "state": "failed",
              "speed": null,
              "pass": false,
              "fail": true,
              "pending": false,
              "context": null,
              "code": "cy.get('#clear-board').should('be.visible');",
              "err": {
                "message": "CypressError: Timed out retrying: Expected to find element: '#clear-board', but never found it.",
                "estack": "CypressError: Timed out retrying: Expected to find element: '#clear-board', but never found it.\n    at cypressErr (http://localhost:54401/__cypress/runner/cypress_runner.js:149934:9)\n    at throwErr (http://localhost:54401/__cypress/runner/cypress_runner.js:149867:11)\n    at Object.throwErrByPath (http://localhost:54401/__cypress/runner/cypress_runner.js:149915:3)\n    at retry (http://localhost:54401/__cypress/runner/cypress_runner.js:144197:19)\n    at onFailFn (http://localhost:54401/__cypress/runner/cypress_runner.js:132448:16)\n    at tryCatcher (http://localhost:54401/__cypress/runner/cypress_runner.js:167415:23)\n    at Promise._settlePromiseFromHandler (http://localhost:54401/__cypress/runner/cypress_runner.js:165351:31)\n    at Promise._settlePromise (http://localhost:54401/__cypress/runner/cypress_runner.js:165408:18)\n    at Promise._settlePromise0 (http://localhost:54401/__cypress/runner/cypress_runner.js:165453:10)\n    at Promise._settlePromises (http://localhost:54401/__cypress/runner/cypress_runner.js:165528:18)\n    at Async../node_modules/bluebird/js/release/async.js.Async._drainQueue (http://localhost:54401/__cypress/runner/cypress_runner.js:162140:16)\n    at Async../node_modules/bluebird/js/release/async.js.Async._drainQueues (http://localhost:54401/__cypress/runner/cypress_runner.js:162150:10)\n    at Async.drainQueues (http://localhost:54401/__cypress/runner/cypress_runner.js:162024:14)",
                "diff": null
              },
              "uuid": "09712fd6-1f66-413b-8e3a-7051b2371a2e",
              "parentUUID": "2e70bea1-1968-406f-b838-d04f743e0141",
              "isHook": false,
              "skipped": false
            },
            {
              "title": "Verifica se o botão está posicionado entre a paleta de cores e o quadro de pixels",
              "fullTitle": "9 - Crie um botão que, ao ser clicado, limpa o quadro preenchendo a cor de todos seus pixels com branco. Verifica se o botão está posicionado entre a paleta de cores e o quadro de pixels",
              "timedOut": null,
              "duration": 4882,
              "state": "failed",
              "speed": null,
              "pass": false,
              "fail": true,
              "pending": false,
              "context": null,
              "code": "cy.get('#color-palette').then(function (palette) {\n  cy.get('#clear-board').should('be.belowOf', palette);\n});\ncy.get('#clear-board').then(function (clearBtn) {\n  cy.get('#pixel-board').should('be.belowOf', clearBtn);\n});",
              "err": {
                "message": "CypressError: Timed out retrying: Expected to find element: '#clear-board', but never found it.",
                "estack": "CypressError: Timed out retrying: Expected to find element: '#clear-board', but never found it.\n    at cypressErr (http://localhost:54401/__cypress/runner/cypress_runner.js:149934:9)\n    at throwErr (http://localhost:54401/__cypress/runner/cypress_runner.js:149867:11)\n    at Object.throwErrByPath (http://localhost:54401/__cypress/runner/cypress_runner.js:149915:3)\n    at retry (http://localhost:54401/__cypress/runner/cypress_runner.js:144197:19)\n    at onFailFn (http://localhost:54401/__cypress/runner/cypress_runner.js:132448:16)\n    at tryCatcher (http://localhost:54401/__cypress/runner/cypress_runner.js:167415:23)\n    at Promise._settlePromiseFromHandler (http://localhost:54401/__cypress/runner/cypress_runner.js:165351:31)\n    at Promise._settlePromise (http://localhost:54401/__cypress/runner/cypress_runner.js:165408:18)\n    at Promise._settlePromise0 (http://localhost:54401/__cypress/runner/cypress_runner.js:165453:10)\n    at Promise._settlePromises (http://localhost:54401/__cypress/runner/cypress_runner.js:165528:18)\n    at Async../node_modules/bluebird/js/release/async.js.Async._drainQueue (http://localhost:54401/__cypress/runner/cypress_runner.js:162140:16)\n    at Async../node_modules/bluebird/js/release/async.js.Async._drainQueues (http://localhost:54401/__cypress/runner/cypress_runner.js:162150:10)\n    at Async.drainQueues (http://localhost:54401/__cypress/runner/cypress_runner.js:162024:14)",
                "diff": null
              },
              "uuid": "c584dd68-0db2-454a-a8db-800064f0ca0f",
              "parentUUID": "2e70bea1-1968-406f-b838-d04f743e0141",
              "isHook": false,
              "skipped": false
            },
            {
              "title": "Verifica se o texto do botão é 'Limpar'",
              "fullTitle": "9 - Crie um botão que, ao ser clicado, limpa o quadro preenchendo a cor de todos seus pixels com branco. Verifica se o texto do botão é 'Limpar'",
              "timedOut": null,
              "duration": 4539,
              "state": "failed",
              "speed": null,
              "pass": false,
              "fail": true,
              "pending": false,
              "context": null,
              "code": "cy.get('#clear-board').should('contain.text', 'Limpar');",
              "err": {
                "message": "CypressError: Timed out retrying: Expected to find element: '#clear-board', but never found it.",
                "estack": "CypressError: Timed out retrying: Expected to find element: '#clear-board', but never found it.\n    at cypressErr (http://localhost:54401/__cypress/runner/cypress_runner.js:149934:9)\n    at throwErr (http://localhost:54401/__cypress/runner/cypress_runner.js:149867:11)\n    at Object.throwErrByPath (http://localhost:54401/__cypress/runner/cypress_runner.js:149915:3)\n    at retry (http://localhost:54401/__cypress/runner/cypress_runner.js:144197:19)\n    at onFailFn (http://localhost:54401/__cypress/runner/cypress_runner.js:132448:16)\n    at tryCatcher (http://localhost:54401/__cypress/runner/cypress_runner.js:167415:23)\n    at Promise._settlePromiseFromHandler (http://localhost:54401/__cypress/runner/cypress_runner.js:165351:31)\n    at Promise._settlePromise (http://localhost:54401/__cypress/runner/cypress_runner.js:165408:18)\n    at Promise._settlePromise0 (http://localhost:54401/__cypress/runner/cypress_runner.js:165453:10)\n    at Promise._settlePromises (http://localhost:54401/__cypress/runner/cypress_runner.js:165528:18)\n    at Async../node_modules/bluebird/js/release/async.js.Async._drainQueue (http://localhost:54401/__cypress/runner/cypress_runner.js:162140:16)\n    at Async../node_modules/bluebird/js/release/async.js.Async._drainQueues (http://localhost:54401/__cypress/runner/cypress_runner.js:162150:10)\n    at Async.drainQueues (http://localhost:54401/__cypress/runner/cypress_runner.js:162024:14)",
                "diff": null
              },
              "uuid": "b72c2342-6498-48a2-8ecf-c91b882d0136",
              "parentUUID": "2e70bea1-1968-406f-b838-d04f743e0141",
              "isHook": false,
              "skipped": false
            },
            {
              "title": "Verifica se ao clicar no botão, o quadro de pixels é totalmente preenchido de branco",
              "fullTitle": "9 - Crie um botão que, ao ser clicado, limpa o quadro preenchendo a cor de todos seus pixels com branco. Verifica se ao clicar no botão, o quadro de pixels é totalmente preenchido de branco",
              "timedOut": null,
              "duration": 7878,
              "state": "failed",
              "speed": null,
              "pass": false,
              "fail": true,
              "pending": false,
              "context": null,
              "code": "cy.get('.color').eq(1).then(function (color) {\n  var backgroundColor = color.css('background-color');\n  cy.wrap(color).click();\n  cy.get('.pixel').each(function (pixel) {\n    cy.wrap(pixel).click().should('have.css', 'background-color', backgroundColor);\n  });\n});\ncy.get('#clear-board').click();\ncy.get('.pixel').each(function (pixel) {\n  cy.wrap(pixel).should('have.css', 'background-color', WHITE);\n});",
              "err": {
                "message": "CypressError: Timed out retrying: Expected to find element: '#clear-board', but never found it.",
                "estack": "CypressError: Timed out retrying: Expected to find element: '#clear-board', but never found it.\n    at cypressErr (http://localhost:54401/__cypress/runner/cypress_runner.js:149934:9)\n    at throwErr (http://localhost:54401/__cypress/runner/cypress_runner.js:149867:11)\n    at Object.throwErrByPath (http://localhost:54401/__cypress/runner/cypress_runner.js:149915:3)\n    at retry (http://localhost:54401/__cypress/runner/cypress_runner.js:144197:19)\n    at onFailFn (http://localhost:54401/__cypress/runner/cypress_runner.js:132448:16)\n    at tryCatcher (http://localhost:54401/__cypress/runner/cypress_runner.js:167415:23)\n    at Promise._settlePromiseFromHandler (http://localhost:54401/__cypress/runner/cypress_runner.js:165351:31)\n    at Promise._settlePromise (http://localhost:54401/__cypress/runner/cypress_runner.js:165408:18)\n    at Promise._settlePromise0 (http://localhost:54401/__cypress/runner/cypress_runner.js:165453:10)\n    at Promise._settlePromises (http://localhost:54401/__cypress/runner/cypress_runner.js:165528:18)\n    at Async../node_modules/bluebird/js/release/async.js.Async._drainQueue (http://localhost:54401/__cypress/runner/cypress_runner.js:162140:16)\n    at Async../node_modules/bluebird/js/release/async.js.Async._drainQueues (http://localhost:54401/__cypress/runner/cypress_runner.js:162150:10)\n    at Async.drainQueues (http://localhost:54401/__cypress/runner/cypress_runner.js:162024:14)",
                "diff": null
              },
              "uuid": "d6dcbfbb-3478-4c79-bc19-e13f65d58fc2",
              "parentUUID": "2e70bea1-1968-406f-b838-d04f743e0141",
              "isHook": false,
              "skipped": false
            }
          ],
          "suites": [],
          "passes": [],
          "failures": [
            "09712fd6-1f66-413b-8e3a-7051b2371a2e",
            "c584dd68-0db2-454a-a8db-800064f0ca0f",
            "b72c2342-6498-48a2-8ecf-c91b882d0136",
            "d6dcbfbb-3478-4c79-bc19-e13f65d58fc2"
          ],
          "pending": [],
          "skipped": [],
          "duration": 21928,
          "root": false,
          "rootEmpty": false,
          "_timeout": 2000
        },
        {
          "uuid": "4b947047-8146-44d9-a874-2f158374e1c5",
          "title": "10 - Faça o quadro de pixels ter seu tamanho definido pelo usuário.",
          "fullFile": "",
          "file": "",
          "beforeHooks": [],
          "afterHooks": [],
          "tests": [
            {
              "title": "Verifica se existe um input com o id `board-size`",
              "fullTitle": "10 - Faça o quadro de pixels ter seu tamanho definido pelo usuário. Verifica se existe um input com o id `board-size`",
              "timedOut": null,
              "duration": 5314,
              "state": "failed",
              "speed": null,
              "pass": false,
              "fail": true,
              "pending": false,
              "context": null,
              "code": "cy.get('#board-size').should('be.visible');",
              "err": {
                "message": "CypressError: Timed out retrying: Expected to find element: '#board-size', but never found it.",
                "estack": "CypressError: Timed out retrying: Expected to find element: '#board-size', but never found it.\n    at cypressErr (http://localhost:54401/__cypress/runner/cypress_runner.js:149934:9)\n    at throwErr (http://localhost:54401/__cypress/runner/cypress_runner.js:149867:11)\n    at Object.throwErrByPath (http://localhost:54401/__cypress/runner/cypress_runner.js:149915:3)\n    at retry (http://localhost:54401/__cypress/runner/cypress_runner.js:144197:19)\n    at onFailFn (http://localhost:54401/__cypress/runner/cypress_runner.js:132448:16)\n    at tryCatcher (http://localhost:54401/__cypress/runner/cypress_runner.js:167415:23)\n    at Promise._settlePromiseFromHandler (http://localhost:54401/__cypress/runner/cypress_runner.js:165351:31)\n    at Promise._settlePromise (http://localhost:54401/__cypress/runner/cypress_runner.js:165408:18)\n    at Promise._settlePromise0 (http://localhost:54401/__cypress/runner/cypress_runner.js:165453:10)\n    at Promise._settlePromises (http://localhost:54401/__cypress/runner/cypress_runner.js:165528:18)\n    at Async../node_modules/bluebird/js/release/async.js.Async._drainQueue (http://localhost:54401/__cypress/runner/cypress_runner.js:162140:16)\n    at Async../node_modules/bluebird/js/release/async.js.Async._drainQueues (http://localhost:54401/__cypress/runner/cypress_runner.js:162150:10)\n    at Async.drainQueues (http://localhost:54401/__cypress/runner/cypress_runner.js:162024:14)",
                "diff": null
              },
              "uuid": "19865b7b-afbb-4f33-ad08-4507f53ce9f5",
              "parentUUID": "4b947047-8146-44d9-a874-2f158374e1c5",
              "isHook": false,
              "skipped": false
            },
            {
              "title": "Verifica se existe um botão com o id `generate-board`",
              "fullTitle": "10 - Faça o quadro de pixels ter seu tamanho definido pelo usuário. Verifica se existe um botão com o id `generate-board`",
              "timedOut": null,
              "duration": 4739,
              "state": "failed",
              "speed": null,
              "pass": false,
              "fail": true,
              "pending": false,
              "context": null,
              "code": "cy.get('#generate-board').should('be.visible');",
              "err": {
                "message": "CypressError: Timed out retrying: Expected to find element: '#generate-board', but never found it.",
                "estack": "CypressError: Timed out retrying: Expected to find element: '#generate-board', but never found it.\n    at cypressErr (http://localhost:54401/__cypress/runner/cypress_runner.js:149934:9)\n    at throwErr (http://localhost:54401/__cypress/runner/cypress_runner.js:149867:11)\n    at Object.throwErrByPath (http://localhost:54401/__cypress/runner/cypress_runner.js:149915:3)\n    at retry (http://localhost:54401/__cypress/runner/cypress_runner.js:144197:19)\n    at onFailFn (http://localhost:54401/__cypress/runner/cypress_runner.js:132448:16)\n    at tryCatcher (http://localhost:54401/__cypress/runner/cypress_runner.js:167415:23)\n    at Promise._settlePromiseFromHandler (http://localhost:54401/__cypress/runner/cypress_runner.js:165351:31)\n    at Promise._settlePromise (http://localhost:54401/__cypress/runner/cypress_runner.js:165408:18)\n    at Promise._settlePromise0 (http://localhost:54401/__cypress/runner/cypress_runner.js:165453:10)\n    at Promise._settlePromises (http://localhost:54401/__cypress/runner/cypress_runner.js:165528:18)\n    at Async../node_modules/bluebird/js/release/async.js.Async._drainQueue (http://localhost:54401/__cypress/runner/cypress_runner.js:162140:16)\n    at Async../node_modules/bluebird/js/release/async.js.Async._drainQueues (http://localhost:54401/__cypress/runner/cypress_runner.js:162150:10)\n    at Async.drainQueues (http://localhost:54401/__cypress/runner/cypress_runner.js:162024:14)",
                "diff": null
              },
              "uuid": "9fc67c41-8451-45f9-a8e7-98782be016e2",
              "parentUUID": "4b947047-8146-44d9-a874-2f158374e1c5",
              "isHook": false,
              "skipped": false
            },
            {
              "title": "Verifica se o input só aceita número maiores que zero. Essa restrição deve ser feita usando os atributos do elemento `input`",
              "fullTitle": "10 - Faça o quadro de pixels ter seu tamanho definido pelo usuário. Verifica se o input só aceita número maiores que zero. Essa restrição deve ser feita usando os atributos do elemento `input`",
              "timedOut": null,
              "duration": 4834,
              "state": "failed",
              "speed": null,
              "pass": false,
              "fail": true,
              "pending": false,
              "context": null,
              "code": "cy.get('#board-size[type=\\'number\\'][min=\\'1\\']');",
              "err": {
                "message": "CypressError: Timed out retrying: Expected to find element: '#board-size[type='number'][min='1']', but never found it.",
                "estack": "CypressError: Timed out retrying: Expected to find element: '#board-size[type='number'][min='1']', but never found it.\n    at cypressErr (http://localhost:54401/__cypress/runner/cypress_runner.js:149934:9)\n    at throwErr (http://localhost:54401/__cypress/runner/cypress_runner.js:149867:11)\n    at Object.throwErrByPath (http://localhost:54401/__cypress/runner/cypress_runner.js:149915:3)\n    at retry (http://localhost:54401/__cypress/runner/cypress_runner.js:144197:19)\n    at onFailFn (http://localhost:54401/__cypress/runner/cypress_runner.js:132448:16)\n    at tryCatcher (http://localhost:54401/__cypress/runner/cypress_runner.js:167415:23)\n    at Promise._settlePromiseFromHandler (http://localhost:54401/__cypress/runner/cypress_runner.js:165351:31)\n    at Promise._settlePromise (http://localhost:54401/__cypress/runner/cypress_runner.js:165408:18)\n    at Promise._settlePromise0 (http://localhost:54401/__cypress/runner/cypress_runner.js:165453:10)\n    at Promise._settlePromises (http://localhost:54401/__cypress/runner/cypress_runner.js:165528:18)\n    at Async../node_modules/bluebird/js/release/async.js.Async._drainQueue (http://localhost:54401/__cypress/runner/cypress_runner.js:162140:16)\n    at Async../node_modules/bluebird/js/release/async.js.Async._drainQueues (http://localhost:54401/__cypress/runner/cypress_runner.js:162150:10)\n    at Async.drainQueues (http://localhost:54401/__cypress/runner/cypress_runner.js:162024:14)",
                "diff": null
              },
              "uuid": "007cfee8-016b-44f9-8c36-352a5ee1d1a0",
              "parentUUID": "4b947047-8146-44d9-a874-2f158374e1c5",
              "isHook": false,
              "skipped": false
            },
            {
              "title": "Verifica se o botão contém o texto 'VQV'",
              "fullTitle": "10 - Faça o quadro de pixels ter seu tamanho definido pelo usuário. Verifica se o botão contém o texto 'VQV'",
              "timedOut": null,
              "duration": 4765,
              "state": "failed",
              "speed": null,
              "pass": false,
              "fail": true,
              "pending": false,
              "context": null,
              "code": "cy.get('#generate-board').contains(/vqv/i);",
              "err": {
                "message": "CypressError: Timed out retrying: Expected to find element: '#generate-board', but never found it.",
                "estack": "CypressError: Timed out retrying: Expected to find element: '#generate-board', but never found it.\n    at cypressErr (http://localhost:54401/__cypress/runner/cypress_runner.js:149934:9)\n    at throwErr (http://localhost:54401/__cypress/runner/cypress_runner.js:149867:11)\n    at Object.throwErrByPath (http://localhost:54401/__cypress/runner/cypress_runner.js:149915:3)\n    at retry (http://localhost:54401/__cypress/runner/cypress_runner.js:144197:19)\n    at onFailFn (http://localhost:54401/__cypress/runner/cypress_runner.js:132448:16)\n    at tryCatcher (http://localhost:54401/__cypress/runner/cypress_runner.js:167415:23)\n    at Promise._settlePromiseFromHandler (http://localhost:54401/__cypress/runner/cypress_runner.js:165351:31)\n    at Promise._settlePromise (http://localhost:54401/__cypress/runner/cypress_runner.js:165408:18)\n    at Promise._settlePromise0 (http://localhost:54401/__cypress/runner/cypress_runner.js:165453:10)\n    at Promise._settlePromises (http://localhost:54401/__cypress/runner/cypress_runner.js:165528:18)\n    at Async../node_modules/bluebird/js/release/async.js.Async._drainQueue (http://localhost:54401/__cypress/runner/cypress_runner.js:162140:16)\n    at Async../node_modules/bluebird/js/release/async.js.Async._drainQueues (http://localhost:54401/__cypress/runner/cypress_runner.js:162150:10)\n    at Async.drainQueues (http://localhost:54401/__cypress/runner/cypress_runner.js:162024:14)",
                "diff": null
              },
              "uuid": "4c055782-b862-4285-b95b-37eeda696bfb",
              "parentUUID": "4b947047-8146-44d9-a874-2f158374e1c5",
              "isHook": false,
              "skipped": false
            },
            {
              "title": "Verifica se o input está posicionado entre a paleta de cores e o quadro de pixels",
              "fullTitle": "10 - Faça o quadro de pixels ter seu tamanho definido pelo usuário. Verifica se o input está posicionado entre a paleta de cores e o quadro de pixels",
              "timedOut": null,
              "duration": 4866,
              "state": "failed",
              "speed": null,
              "pass": false,
              "fail": true,
              "pending": false,
              "context": null,
              "code": "cy.get('#color-palette').then(function (palette) {\n  cy.get('#board-size').should('be.belowOf', palette);\n});\ncy.get('#board-size').then(function (palette) {\n  cy.get('#pixel-board').should('be.belowOf', palette);\n});",
              "err": {
                "message": "CypressError: Timed out retrying: Expected to find element: '#board-size', but never found it.",
                "estack": "CypressError: Timed out retrying: Expected to find element: '#board-size', but never found it.\n    at cypressErr (http://localhost:54401/__cypress/runner/cypress_runner.js:149934:9)\n    at throwErr (http://localhost:54401/__cypress/runner/cypress_runner.js:149867:11)\n    at Object.throwErrByPath (http://localhost:54401/__cypress/runner/cypress_runner.js:149915:3)\n    at retry (http://localhost:54401/__cypress/runner/cypress_runner.js:144197:19)\n    at onFailFn (http://localhost:54401/__cypress/runner/cypress_runner.js:132448:16)\n    at tryCatcher (http://localhost:54401/__cypress/runner/cypress_runner.js:167415:23)\n    at Promise._settlePromiseFromHandler (http://localhost:54401/__cypress/runner/cypress_runner.js:165351:31)\n    at Promise._settlePromise (http://localhost:54401/__cypress/runner/cypress_runner.js:165408:18)\n    at Promise._settlePromise0 (http://localhost:54401/__cypress/runner/cypress_runner.js:165453:10)\n    at Promise._settlePromises (http://localhost:54401/__cypress/runner/cypress_runner.js:165528:18)\n    at Async../node_modules/bluebird/js/release/async.js.Async._drainQueue (http://localhost:54401/__cypress/runner/cypress_runner.js:162140:16)\n    at Async../node_modules/bluebird/js/release/async.js.Async._drainQueues (http://localhost:54401/__cypress/runner/cypress_runner.js:162150:10)\n    at Async.drainQueues (http://localhost:54401/__cypress/runner/cypress_runner.js:162024:14)",
                "diff": null
              },
              "uuid": "db3ae515-f57b-40b2-8bad-58413847cd30",
              "parentUUID": "4b947047-8146-44d9-a874-2f158374e1c5",
              "isHook": false,
              "skipped": false
            },
            {
              "title": "Verifica se o botão está posicionado ao lado do input",
              "fullTitle": "10 - Faça o quadro de pixels ter seu tamanho definido pelo usuário. Verifica se o botão está posicionado ao lado do input",
              "timedOut": null,
              "duration": 5157,
              "state": "failed",
              "speed": null,
              "pass": false,
              "fail": true,
              "pending": false,
              "context": null,
              "code": "cy.get('#board-size').then(function (board) {\n  cy.get('#generate-board').should('be.onTheRightOf', board);\n});",
              "err": {
                "message": "CypressError: Timed out retrying: Expected to find element: '#board-size', but never found it.",
                "estack": "CypressError: Timed out retrying: Expected to find element: '#board-size', but never found it.\n    at cypressErr (http://localhost:54401/__cypress/runner/cypress_runner.js:149934:9)\n    at throwErr (http://localhost:54401/__cypress/runner/cypress_runner.js:149867:11)\n    at Object.throwErrByPath (http://localhost:54401/__cypress/runner/cypress_runner.js:149915:3)\n    at retry (http://localhost:54401/__cypress/runner/cypress_runner.js:144197:19)\n    at onFailFn (http://localhost:54401/__cypress/runner/cypress_runner.js:132448:16)\n    at tryCatcher (http://localhost:54401/__cypress/runner/cypress_runner.js:167415:23)\n    at Promise._settlePromiseFromHandler (http://localhost:54401/__cypress/runner/cypress_runner.js:165351:31)\n    at Promise._settlePromise (http://localhost:54401/__cypress/runner/cypress_runner.js:165408:18)\n    at Promise._settlePromise0 (http://localhost:54401/__cypress/runner/cypress_runner.js:165453:10)\n    at Promise._settlePromises (http://localhost:54401/__cypress/runner/cypress_runner.js:165528:18)\n    at Async../node_modules/bluebird/js/release/async.js.Async._drainQueue (http://localhost:54401/__cypress/runner/cypress_runner.js:162140:16)\n    at Async../node_modules/bluebird/js/release/async.js.Async._drainQueues (http://localhost:54401/__cypress/runner/cypress_runner.js:162150:10)\n    at Async.drainQueues (http://localhost:54401/__cypress/runner/cypress_runner.js:162024:14)",
                "diff": null
              },
              "uuid": "e18eaf1d-e367-4b43-bcb0-3a80e2a400e2",
              "parentUUID": "4b947047-8146-44d9-a874-2f158374e1c5",
              "isHook": false,
              "skipped": false
            },
            {
              "title": "Verifica se nenhum valor for colocado no input ao clicar no botão, um `alert` é exibido com o texto: 'Board inválido!'",
              "fullTitle": "10 - Faça o quadro de pixels ter seu tamanho definido pelo usuário. Verifica se nenhum valor for colocado no input ao clicar no botão, um `alert` é exibido com o texto: 'Board inválido!'",
              "timedOut": null,
              "duration": 5085,
              "state": "failed",
              "speed": null,
              "pass": false,
              "fail": true,
              "pending": false,
              "context": null,
              "code": "var alerted = false;\ncy.on('window:alert', function (msg) {\n  return alerted = msg;\n});\ncy.get('#generate-board').click().then(function () {\n  return expect(alerted).to.match(/Board inválido!/i);\n});",
              "err": {
                "message": "CypressError: Timed out retrying: Expected to find element: '#generate-board', but never found it.",
                "estack": "CypressError: Timed out retrying: Expected to find element: '#generate-board', but never found it.\n    at cypressErr (http://localhost:54401/__cypress/runner/cypress_runner.js:149934:9)\n    at throwErr (http://localhost:54401/__cypress/runner/cypress_runner.js:149867:11)\n    at Object.throwErrByPath (http://localhost:54401/__cypress/runner/cypress_runner.js:149915:3)\n    at retry (http://localhost:54401/__cypress/runner/cypress_runner.js:144197:19)\n    at onFailFn (http://localhost:54401/__cypress/runner/cypress_runner.js:132448:16)\n    at tryCatcher (http://localhost:54401/__cypress/runner/cypress_runner.js:167415:23)\n    at Promise._settlePromiseFromHandler (http://localhost:54401/__cypress/runner/cypress_runner.js:165351:31)\n    at Promise._settlePromise (http://localhost:54401/__cypress/runner/cypress_runner.js:165408:18)\n    at Promise._settlePromise0 (http://localhost:54401/__cypress/runner/cypress_runner.js:165453:10)\n    at Promise._settlePromises (http://localhost:54401/__cypress/runner/cypress_runner.js:165528:18)\n    at Async../node_modules/bluebird/js/release/async.js.Async._drainQueue (http://localhost:54401/__cypress/runner/cypress_runner.js:162140:16)\n    at Async../node_modules/bluebird/js/release/async.js.Async._drainQueues (http://localhost:54401/__cypress/runner/cypress_runner.js:162150:10)\n    at Async.drainQueues (http://localhost:54401/__cypress/runner/cypress_runner.js:162024:14)",
                "diff": null
              },
              "uuid": "43c7fcd1-1f80-4102-aeae-209483b9c231",
              "parentUUID": "4b947047-8146-44d9-a874-2f158374e1c5",
              "isHook": false,
              "skipped": false
            },
            {
              "title": "Verifica se ao clicar no botão com um valor preenchido, o tamanho do board muda.",
              "fullTitle": "10 - Faça o quadro de pixels ter seu tamanho definido pelo usuário. Verifica se ao clicar no botão com um valor preenchido, o tamanho do board muda.",
              "timedOut": null,
              "duration": 5981,
              "state": "failed",
              "speed": null,
              "pass": false,
              "fail": true,
              "pending": false,
              "context": null,
              "code": "cy.get('#board-size').clear().type(10);\ncy.get('#generate-board').click();\ncy.get('.pixel').should('have.length', 100);",
              "err": {
                "message": "CypressError: Timed out retrying: Expected to find element: '#board-size', but never found it.",
                "estack": "CypressError: Timed out retrying: Expected to find element: '#board-size', but never found it.\n    at cypressErr (http://localhost:54401/__cypress/runner/cypress_runner.js:149934:9)\n    at throwErr (http://localhost:54401/__cypress/runner/cypress_runner.js:149867:11)\n    at Object.throwErrByPath (http://localhost:54401/__cypress/runner/cypress_runner.js:149915:3)\n    at retry (http://localhost:54401/__cypress/runner/cypress_runner.js:144197:19)\n    at onFailFn (http://localhost:54401/__cypress/runner/cypress_runner.js:132448:16)\n    at tryCatcher (http://localhost:54401/__cypress/runner/cypress_runner.js:167415:23)\n    at Promise._settlePromiseFromHandler (http://localhost:54401/__cypress/runner/cypress_runner.js:165351:31)\n    at Promise._settlePromise (http://localhost:54401/__cypress/runner/cypress_runner.js:165408:18)\n    at Promise._settlePromise0 (http://localhost:54401/__cypress/runner/cypress_runner.js:165453:10)\n    at Promise._settlePromises (http://localhost:54401/__cypress/runner/cypress_runner.js:165528:18)\n    at Async../node_modules/bluebird/js/release/async.js.Async._drainQueue (http://localhost:54401/__cypress/runner/cypress_runner.js:162140:16)\n    at Async../node_modules/bluebird/js/release/async.js.Async._drainQueues (http://localhost:54401/__cypress/runner/cypress_runner.js:162150:10)\n    at Async.drainQueues (http://localhost:54401/__cypress/runner/cypress_runner.js:162024:14)",
                "diff": null
              },
              "uuid": "ef1c736a-5814-4c83-bd5a-08f26d3b994f",
              "parentUUID": "4b947047-8146-44d9-a874-2f158374e1c5",
              "isHook": false,
              "skipped": false
            },
            {
              "title": "Verifica se o novo quadro tem todos os pixels preenchidos com a cor branca",
              "fullTitle": "10 - Faça o quadro de pixels ter seu tamanho definido pelo usuário. Verifica se o novo quadro tem todos os pixels preenchidos com a cor branca",
              "timedOut": null,
              "duration": 4701,
              "state": "failed",
              "speed": null,
              "pass": false,
              "fail": true,
              "pending": false,
              "context": null,
              "code": "cy.get('#board-size').clear().type(6);\ncy.get('#generate-board').click();\ncy.get('.pixel').should('have.length', 36).each(function (pixel) {\n  expect(pixel).to.have.css('background-color', WHITE);\n});",
              "err": {
                "message": "CypressError: Timed out retrying: Expected to find element: '#board-size', but never found it.",
                "estack": "CypressError: Timed out retrying: Expected to find element: '#board-size', but never found it.\n    at cypressErr (http://localhost:54401/__cypress/runner/cypress_runner.js:149934:9)\n    at throwErr (http://localhost:54401/__cypress/runner/cypress_runner.js:149867:11)\n    at Object.throwErrByPath (http://localhost:54401/__cypress/runner/cypress_runner.js:149915:3)\n    at retry (http://localhost:54401/__cypress/runner/cypress_runner.js:144197:19)\n    at onFailFn (http://localhost:54401/__cypress/runner/cypress_runner.js:132448:16)\n    at tryCatcher (http://localhost:54401/__cypress/runner/cypress_runner.js:167415:23)\n    at Promise._settlePromiseFromHandler (http://localhost:54401/__cypress/runner/cypress_runner.js:165351:31)\n    at Promise._settlePromise (http://localhost:54401/__cypress/runner/cypress_runner.js:165408:18)\n    at Promise._settlePromise0 (http://localhost:54401/__cypress/runner/cypress_runner.js:165453:10)\n    at Promise._settlePromises (http://localhost:54401/__cypress/runner/cypress_runner.js:165528:18)\n    at Async../node_modules/bluebird/js/release/async.js.Async._drainQueue (http://localhost:54401/__cypress/runner/cypress_runner.js:162140:16)\n    at Async../node_modules/bluebird/js/release/async.js.Async._drainQueues (http://localhost:54401/__cypress/runner/cypress_runner.js:162150:10)\n    at Async.drainQueues (http://localhost:54401/__cypress/runner/cypress_runner.js:162024:14)",
                "diff": null
              },
              "uuid": "09d16fc3-6899-4a01-a00b-2daf031f978a",
              "parentUUID": "4b947047-8146-44d9-a874-2f158374e1c5",
              "isHook": false,
              "skipped": false
            }
          ],
          "suites": [],
          "passes": [],
          "failures": [
            "19865b7b-afbb-4f33-ad08-4507f53ce9f5",
            "9fc67c41-8451-45f9-a8e7-98782be016e2",
            "007cfee8-016b-44f9-8c36-352a5ee1d1a0",
            "4c055782-b862-4285-b95b-37eeda696bfb",
            "db3ae515-f57b-40b2-8bad-58413847cd30",
            "e18eaf1d-e367-4b43-bcb0-3a80e2a400e2",
            "43c7fcd1-1f80-4102-aeae-209483b9c231",
            "ef1c736a-5814-4c83-bd5a-08f26d3b994f",
            "09d16fc3-6899-4a01-a00b-2daf031f978a"
          ],
          "pending": [],
          "skipped": [],
          "duration": 45442,
          "root": false,
          "rootEmpty": false,
          "_timeout": 2000
        },
        {
          "uuid": "237562b6-5a55-4dd8-b580-deb7b2ccf7aa",
          "title": "11 - Limite o tamanho mínimo e máximo do board.",
          "fullFile": "",
          "file": "",
          "beforeHooks": [],
          "afterHooks": [],
          "tests": [
            {
              "title": "Verifica se a altura máxima do board é 50",
              "fullTitle": "11 - Limite o tamanho mínimo e máximo do board. Verifica se a altura máxima do board é 50",
              "timedOut": null,
              "duration": 4697,
              "state": "failed",
              "speed": null,
              "pass": false,
              "fail": true,
              "pending": false,
              "context": null,
              "code": "cy.get('#board-size').clear().type(50);\ncy.get('#generate-board').click();\ncy.get('.pixel').should('have.length', 2500);",
              "err": {
                "message": "CypressError: Timed out retrying: Expected to find element: '#board-size', but never found it.",
                "estack": "CypressError: Timed out retrying: Expected to find element: '#board-size', but never found it.\n    at cypressErr (http://localhost:54401/__cypress/runner/cypress_runner.js:149934:9)\n    at throwErr (http://localhost:54401/__cypress/runner/cypress_runner.js:149867:11)\n    at Object.throwErrByPath (http://localhost:54401/__cypress/runner/cypress_runner.js:149915:3)\n    at retry (http://localhost:54401/__cypress/runner/cypress_runner.js:144197:19)\n    at onFailFn (http://localhost:54401/__cypress/runner/cypress_runner.js:132448:16)\n    at tryCatcher (http://localhost:54401/__cypress/runner/cypress_runner.js:167415:23)\n    at Promise._settlePromiseFromHandler (http://localhost:54401/__cypress/runner/cypress_runner.js:165351:31)\n    at Promise._settlePromise (http://localhost:54401/__cypress/runner/cypress_runner.js:165408:18)\n    at Promise._settlePromise0 (http://localhost:54401/__cypress/runner/cypress_runner.js:165453:10)\n    at Promise._settlePromises (http://localhost:54401/__cypress/runner/cypress_runner.js:165528:18)\n    at Async../node_modules/bluebird/js/release/async.js.Async._drainQueue (http://localhost:54401/__cypress/runner/cypress_runner.js:162140:16)\n    at Async../node_modules/bluebird/js/release/async.js.Async._drainQueues (http://localhost:54401/__cypress/runner/cypress_runner.js:162150:10)\n    at Async.drainQueues (http://localhost:54401/__cypress/runner/cypress_runner.js:162024:14)",
                "diff": null
              },
              "uuid": "616bbcce-ce20-4a30-bd2d-69badc240d38",
              "parentUUID": "237562b6-5a55-4dd8-b580-deb7b2ccf7aa",
              "isHook": false,
              "skipped": false
            },
            {
              "title": "Verifica se a altura do board é 5 quando um valor menor é colocado no input",
              "fullTitle": "11 - Limite o tamanho mínimo e máximo do board. Verifica se a altura do board é 5 quando um valor menor é colocado no input",
              "timedOut": null,
              "duration": 4823,
              "state": "failed",
              "speed": null,
              "pass": false,
              "fail": true,
              "pending": false,
              "context": null,
              "code": "cy.get('#board-size').clear().type(4);\ncy.get('#generate-board').click();\ncy.get('.pixel').should('have.length', 25);",
              "err": {
                "message": "CypressError: Timed out retrying: Expected to find element: '#board-size', but never found it.",
                "estack": "CypressError: Timed out retrying: Expected to find element: '#board-size', but never found it.\n    at cypressErr (http://localhost:54401/__cypress/runner/cypress_runner.js:149934:9)\n    at throwErr (http://localhost:54401/__cypress/runner/cypress_runner.js:149867:11)\n    at Object.throwErrByPath (http://localhost:54401/__cypress/runner/cypress_runner.js:149915:3)\n    at retry (http://localhost:54401/__cypress/runner/cypress_runner.js:144197:19)\n    at onFailFn (http://localhost:54401/__cypress/runner/cypress_runner.js:132448:16)\n    at tryCatcher (http://localhost:54401/__cypress/runner/cypress_runner.js:167415:23)\n    at Promise._settlePromiseFromHandler (http://localhost:54401/__cypress/runner/cypress_runner.js:165351:31)\n    at Promise._settlePromise (http://localhost:54401/__cypress/runner/cypress_runner.js:165408:18)\n    at Promise._settlePromise0 (http://localhost:54401/__cypress/runner/cypress_runner.js:165453:10)\n    at Promise._settlePromises (http://localhost:54401/__cypress/runner/cypress_runner.js:165528:18)\n    at Async../node_modules/bluebird/js/release/async.js.Async._drainQueue (http://localhost:54401/__cypress/runner/cypress_runner.js:162140:16)\n    at Async../node_modules/bluebird/js/release/async.js.Async._drainQueues (http://localhost:54401/__cypress/runner/cypress_runner.js:162150:10)\n    at Async.drainQueues (http://localhost:54401/__cypress/runner/cypress_runner.js:162024:14)",
                "diff": null
              },
              "uuid": "0a812154-20cf-4860-9abf-11c81d9da8e7",
              "parentUUID": "237562b6-5a55-4dd8-b580-deb7b2ccf7aa",
              "isHook": false,
              "skipped": false
            },
            {
              "title": "Verifica se a altura do board é 50 quando um valor maior é colocado no input",
              "fullTitle": "11 - Limite o tamanho mínimo e máximo do board. Verifica se a altura do board é 50 quando um valor maior é colocado no input",
              "timedOut": null,
              "duration": 5095,
              "state": "failed",
              "speed": null,
              "pass": false,
              "fail": true,
              "pending": false,
              "context": null,
              "code": "cy.get('#board-size').clear().type(51);\ncy.get('#generate-board').click();\ncy.get('.pixel').should('have.length', 2500);",
              "err": {
                "message": "CypressError: Timed out retrying: Expected to find element: '#board-size', but never found it.",
                "estack": "CypressError: Timed out retrying: Expected to find element: '#board-size', but never found it.\n    at cypressErr (http://localhost:54401/__cypress/runner/cypress_runner.js:149934:9)\n    at throwErr (http://localhost:54401/__cypress/runner/cypress_runner.js:149867:11)\n    at Object.throwErrByPath (http://localhost:54401/__cypress/runner/cypress_runner.js:149915:3)\n    at retry (http://localhost:54401/__cypress/runner/cypress_runner.js:144197:19)\n    at onFailFn (http://localhost:54401/__cypress/runner/cypress_runner.js:132448:16)\n    at tryCatcher (http://localhost:54401/__cypress/runner/cypress_runner.js:167415:23)\n    at Promise._settlePromiseFromHandler (http://localhost:54401/__cypress/runner/cypress_runner.js:165351:31)\n    at Promise._settlePromise (http://localhost:54401/__cypress/runner/cypress_runner.js:165408:18)\n    at Promise._settlePromise0 (http://localhost:54401/__cypress/runner/cypress_runner.js:165453:10)\n    at Promise._settlePromises (http://localhost:54401/__cypress/runner/cypress_runner.js:165528:18)\n    at Async../node_modules/bluebird/js/release/async.js.Async._drainQueue (http://localhost:54401/__cypress/runner/cypress_runner.js:162140:16)\n    at Async../node_modules/bluebird/js/release/async.js.Async._drainQueues (http://localhost:54401/__cypress/runner/cypress_runner.js:162150:10)\n    at Async.drainQueues (http://localhost:54401/__cypress/runner/cypress_runner.js:162024:14)",
                "diff": null
              },
              "uuid": "43644464-7632-452e-bdc4-3b28fe65979c",
              "parentUUID": "237562b6-5a55-4dd8-b580-deb7b2ccf7aa",
              "isHook": false,
              "skipped": false
            }
          ],
          "suites": [],
          "passes": [],
          "failures": [
            "616bbcce-ce20-4a30-bd2d-69badc240d38",
            "0a812154-20cf-4860-9abf-11c81d9da8e7",
            "43644464-7632-452e-bdc4-3b28fe65979c"
          ],
          "pending": [],
          "skipped": [],
          "duration": 14615,
          "root": false,
          "rootEmpty": false,
          "_timeout": 2000
        },
        {
          "uuid": "8b607cf1-aac0-428c-8bb9-f48e56d86c0c",
          "title": "12 - Faça com que as cores da paleta sejam geradas aleatoriamente ao carregar a página.",
          "fullFile": "",
          "file": "",
          "beforeHooks": [],
          "afterHooks": [],
          "tests": [
            {
              "title": "Verifica se as cores geradas na paleta são diferentes a cada carregamento da página",
              "fullTitle": "12 - Faça com que as cores da paleta sejam geradas aleatoriamente ao carregar a página. Verifica se as cores geradas na paleta são diferentes a cada carregamento da página",
              "timedOut": null,
              "duration": 1016,
              "state": "failed",
              "speed": null,
              "pass": false,
              "fail": true,
              "pending": false,
              "context": null,
              "code": "cy.get('.color').then(function (colors) {\n  var currentColors;\n  var previousColors;\n  previousColors = Array.from(colors).map(function (color) {\n    return Cypress.$(color).css('background-color');\n  });\n  for (var i = 0; i < 5; i += 1) {\n    cy.reload();\n    cy.get('.color').then(function (colors) {\n      currentColors = Array.from(colors).map(function (color) {\n        return Cypress.$(color).css('background-color');\n      });\n      expect(currentColors).not.to.deep.equal(previousColors);\n      previousColors = currentColors;\n    });\n  }\n});",
              "err": {
                "message": "AssertionError: expected [ Array(4) ] to not deeply equal [ Array(4) ]",
                "estack": "AssertionError: expected [ Array(4) ] to not deeply equal [ Array(4) ]\n    at getRet (http://localhost:54401/__cypress/runner/cypress_runner.js:136585:16)\n    at tryCatcher (http://localhost:54401/__cypress/runner/cypress_runner.js:167415:23)\n    at Function.Promise.attempt.Promise.try (http://localhost:54401/__cypress/runner/cypress_runner.js:164690:29)\n    at Context.thenFn (http://localhost:54401/__cypress/runner/cypress_runner.js:136599:23)\n    at Context.then (http://localhost:54401/__cypress/runner/cypress_runner.js:136971:21)\n    at Context.<anonymous> (http://localhost:54401/__cypress/runner/cypress_runner.js:148875:21)\n    at http://localhost:54401/__cypress/runner/cypress_runner.js:148351:33\n    at tryCatcher (http://localhost:54401/__cypress/runner/cypress_runner.js:167415:23)\n    at Promise._settlePromiseFromHandler (http://localhost:54401/__cypress/runner/cypress_runner.js:165351:31)\n    at Promise._settlePromise (http://localhost:54401/__cypress/runner/cypress_runner.js:165408:18)\n    at Promise._settlePromiseCtx (http://localhost:54401/__cypress/runner/cypress_runner.js:165445:10)\n    at Async../node_modules/bluebird/js/release/async.js.Async._drainQueue (http://localhost:54401/__cypress/runner/cypress_runner.js:162145:12)\n    at Async../node_modules/bluebird/js/release/async.js.Async._drainQueues (http://localhost:54401/__cypress/runner/cypress_runner.js:162150:10)\n    at Async.drainQueues (http://localhost:54401/__cypress/runner/cypress_runner.js:162024:14)",
                "diff": ""
              },
              "uuid": "633b2327-6bdc-4046-9b61-e2450f3e06e8",
              "parentUUID": "8b607cf1-aac0-428c-8bb9-f48e56d86c0c",
              "isHook": false,
              "skipped": false
            },
            {
              "title": "Verifica se a cor preta ainda está presente e é a primeira na sua paleta de cores",
              "fullTitle": "12 - Faça com que as cores da paleta sejam geradas aleatoriamente ao carregar a página. Verifica se a cor preta ainda está presente e é a primeira na sua paleta de cores",
              "timedOut": null,
              "duration": 1172,
              "state": "failed",
              "speed": null,
              "pass": false,
              "fail": true,
              "pending": false,
              "context": null,
              "code": "cy.get('.color').then(function (colors) {\n  var currentColors;\n  var previousColors;\n  previousColors = Array.from(colors).map(function (color) {\n    return Cypress.$(color).css('background-color');\n  });\n  expect(previousColors[0]).to.eq(BLACK);\n  for (var i = 0; i < 5; i += 1) {\n    cy.reload();\n    cy.get('.color').then(function (colors) {\n      currentColors = Array.from(colors).map(function (color) {\n        return Cypress.$(color).css('background-color');\n      });\n      expect(currentColors[0]).to.eq(BLACK);\n      expect(currentColors).not.to.deep.equal(previousColors);\n      previousColors = currentColors;\n    });\n  }\n});",
              "err": {
                "message": "AssertionError: expected [ Array(4) ] to not deeply equal [ Array(4) ]",
                "estack": "AssertionError: expected [ Array(4) ] to not deeply equal [ Array(4) ]\n    at getRet (http://localhost:54401/__cypress/runner/cypress_runner.js:136585:16)\n    at tryCatcher (http://localhost:54401/__cypress/runner/cypress_runner.js:167415:23)\n    at Function.Promise.attempt.Promise.try (http://localhost:54401/__cypress/runner/cypress_runner.js:164690:29)\n    at Context.thenFn (http://localhost:54401/__cypress/runner/cypress_runner.js:136599:23)\n    at Context.then (http://localhost:54401/__cypress/runner/cypress_runner.js:136971:21)\n    at Context.<anonymous> (http://localhost:54401/__cypress/runner/cypress_runner.js:148875:21)\n    at http://localhost:54401/__cypress/runner/cypress_runner.js:148351:33\n    at tryCatcher (http://localhost:54401/__cypress/runner/cypress_runner.js:167415:23)\n    at Promise._settlePromiseFromHandler (http://localhost:54401/__cypress/runner/cypress_runner.js:165351:31)\n    at Promise._settlePromise (http://localhost:54401/__cypress/runner/cypress_runner.js:165408:18)\n    at Promise._settlePromiseCtx (http://localhost:54401/__cypress/runner/cypress_runner.js:165445:10)\n    at Async../node_modules/bluebird/js/release/async.js.Async._drainQueue (http://localhost:54401/__cypress/runner/cypress_runner.js:162145:12)\n    at Async../node_modules/bluebird/js/release/async.js.Async._drainQueues (http://localhost:54401/__cypress/runner/cypress_runner.js:162150:10)\n    at Async.drainQueues (http://localhost:54401/__cypress/runner/cypress_runner.js:162024:14)",
                "diff": ""
              },
              "uuid": "371ea1d8-2c34-4681-8e4c-9c5faf4f069c",
              "parentUUID": "8b607cf1-aac0-428c-8bb9-f48e56d86c0c",
              "isHook": false,
              "skipped": false
            }
          ],
          "suites": [],
          "passes": [],
          "failures": [
            "633b2327-6bdc-4046-9b61-e2450f3e06e8",
            "371ea1d8-2c34-4681-8e4c-9c5faf4f069c"
          ],
          "pending": [],
          "skipped": [],
          "duration": 2188,
          "root": false,
          "rootEmpty": false,
          "_timeout": 2000
        }
      ],
      "passes": [],
      "failures": [],
      "pending": [],
      "skipped": [],
      "duration": 0,
      "root": true,
      "rootEmpty": true,
      "_timeout": 2000
    }
  ],
  "meta": {
    "mocha": {
      "version": "7.0.1"
    },
    "mochawesome": {
      "options": {
        "quiet": false,
        "reportFilename": "mochawesome",
        "saveHtml": false,
        "saveJson": true,
        "consoleReporter": "spec",
        "useInlineDiffs": false
      },
      "version": "4.1.0"
    },
    "marge": {
      "options": {
        "id": "default",
        "reportDir": "cypress/reports",
        "overwrite": true,
        "html": false,
        "json": true
      },
      "version": "4.1.0"
    }
  }
}